<?xml version="1.0" encoding="UTF-8"?>
<testng-results skipped="0" failed="0" ignored="0" total="2" passed="2">
  <reporter-output>
  </reporter-output>
  <suite name="Suite" duration-ms="868" started-at="2025-11-21T20:36:37 IST" finished-at="2025-11-21T20:36:37 IST">
    <groups>
      <group name="cucumber">
        <method signature="AbstractTestNGCucumberTests.runScenario(io.cucumber.testng.PickleWrapper,io.cucumber.testng.FeatureWrapper)[pri:0, instance:com.runner.CucumberTestRunner@6ddf90b0]" name="runScenario" class="io.cucumber.testng.AbstractTestNGCucumberTests"/>
      </group> <!-- cucumber -->
    </groups>
    <test name="Test" duration-ms="868" started-at="2025-11-21T20:36:37 IST" finished-at="2025-11-21T20:36:37 IST">
      <class name="com.runner.CucumberTestRunner">
        <test-method status="PASS" signature="setUpClass()[pri:0, instance:com.runner.CucumberTestRunner@6ddf90b0]" name="setUpClass" is-config="true" duration-ms="521" started-at="2025-11-21T20:36:37 IST" finished-at="2025-11-21T20:36:37 IST">
          <reporter-output>
          </reporter-output>
        </test-method> <!-- setUpClass -->
        <test-method status="PASS" signature="test()[pri:0, instance:com.runner.CucumberTestRunner@6ddf90b0]" name="test" duration-ms="2" started-at="2025-11-21T20:36:37 IST" finished-at="2025-11-21T20:36:37 IST">
          <reporter-output>
          </reporter-output>
        </test-method> <!-- test -->
        <test-method status="PASS" signature="runScenario(io.cucumber.testng.PickleWrapper,io.cucumber.testng.FeatureWrapper)[pri:0, instance:com.runner.CucumberTestRunner@6ddf90b0]" name="runScenario" duration-ms="182" started-at="2025-11-21T20:36:37 IST" description="Runs Cucumber Scenarios" data-provider="scenarios" finished-at="2025-11-21T20:36:37 IST">
          <params>
            <param index="0">
              <value>
                <![CDATA["Login with valid user credential"]]>
              </value>
            </param>
            <param index="1">
              <value>
                <![CDATA["Optional[Login to website]"]]>
              </value>
            </param>
          </params>
          <reporter-output>
          </reporter-output>
        </test-method> <!-- runScenario -->
        <test-method status="PASS" signature="tearDownClass()[pri:0, instance:com.runner.CucumberTestRunner@6ddf90b0]" name="tearDownClass" is-config="true" duration-ms="127" started-at="2025-11-21T20:36:37 IST" finished-at="2025-11-21T20:36:37 IST">
          <reporter-output>
          </reporter-output>
        </test-method> <!-- tearDownClass -->
      </class> <!-- com.runner.CucumberTestRunner -->
    </test> <!-- Test -->
  </suite> <!-- Suite -->
</testng-results>
