<?xml version="1.0" encoding="UTF-8"?>
<!-- Generated by org.testng.reporters.JUnitReportReporter -->
<testsuite skipped="0" hostname="DESKTOP-OA26UOH" name="com.runner.CucumberTestRunner" tests="2" failures="0" timestamp="2025-11-21T20:36:37 IST" time="0.184" errors="0">
  <testcase name="test" time="0.002" classname="com.runner.CucumberTestRunner"/>
  <system-out/>
  <testcase name="runScenario" time="0.182" classname="com.runner.CucumberTestRunner"/>
  <system-out/>
</testsuite> <!-- com.runner.CucumberTestRunner -->
